\BOOKMARK [0][-]{section*.1}{Cover}{}% 1
\BOOKMARK [0][-]{section*.2}{Oral\040presentation\040document}{}% 2
\BOOKMARK [1][-]{section*.3}{Chinese\040version}{section*.2}% 3
\BOOKMARK [1][-]{section*.4}{English\040version}{section*.2}% 4
\BOOKMARK [0][-]{section*.5}{Abstract\040\(Chinese\)}{}% 5
\BOOKMARK [0][-]{section*.6}{Extended\040Abstract}{}% 6
\BOOKMARK [0][-]{section*.7}{Acknowledgments}{}% 7
\BOOKMARK [0][-]{section*.8}{Table\040of\040Contents}{}% 8
\BOOKMARK [0][-]{section*.9}{List\040of\040Tables}{}% 9
\BOOKMARK [0][-]{section*.10}{List\040of\040Figures}{}% 10
\BOOKMARK [0][-]{chapter.1}{Chapter 1. 緒論}{}% 11
\BOOKMARK [1][-]{section.1.1}{研究背景與動機}{chapter.1}% 12
\BOOKMARK [1][-]{section.1.2}{研究目的}{chapter.1}% 13
\BOOKMARK [1][-]{section.1.3}{研究流程}{chapter.1}% 14
\BOOKMARK [1][-]{section.1.4}{研究範圍及對象}{chapter.1}% 15
\BOOKMARK [1][-]{section.1.5}{研究結果分析與討論 }{chapter.1}% 16
\BOOKMARK [1][-]{section.1.6}{ 結論與建議}{chapter.1}% 17
\BOOKMARK [1][-]{section.1.7}{名詞解釋 }{chapter.1}% 18
\BOOKMARK [0][-]{chapter.2}{Chapter 2. 文獻探討}{}% 19
\BOOKMARK [1][-]{section.2.1}{虛擬社群}{chapter.2}% 20
\BOOKMARK [2][-]{subsection.2.1.1}{虛擬社群的定義}{section.2.1}% 21
\BOOKMARK [0][-]{chapter.3}{Chapter 3. 研究設計}{}% 22
\BOOKMARK [1][-]{section.3.1}{質性研究取向}{chapter.3}% 23
\BOOKMARK [2][-]{subsection.3.1.1}{就研究目的而言}{section.3.1}% 24
\BOOKMARK [2][-]{subsection.3.1.2}{就研究問題而言}{section.3.1}% 25
\BOOKMARK [2][-]{subsection.3.1.3}{就理論發展而言}{section.3.1}% 26
\BOOKMARK [1][-]{section.3.2}{訪談法之運用}{chapter.3}% 27
\BOOKMARK [2][-]{subsection.3.2.1}{結構式訪談\(structured interview\)}{section.3.2}% 28
\BOOKMARK [2][-]{subsection.3.2.2}{無結構式訪談\(unstructured interview\)}{section.3.2}% 29
\BOOKMARK [2][-]{subsection.3.2.3}{半結構式訪談\(semi-structured interview\)}{section.3.2}% 30
\BOOKMARK [2][-]{subsection.3.2.4}{群體訪談\(group interview\)}{section.3.2}% 31
\BOOKMARK [1][-]{section.3.3}{研究場域與研究對象 }{chapter.3}% 32
\BOOKMARK [1][-]{section.3.4}{虛擬社群 建構的六大要素 }{chapter.3}% 33
\BOOKMARK [2][-]{subsection.3.4.1}{提供豐富的資訊內容\(Information\)}{section.3.4}% 34
\BOOKMARK [2][-]{subsection.3.4.2}{提供參與發展的機會\(Development\)}{section.3.4}% 35
\BOOKMARK [2][-]{subsection.3.4.3}{彼此互動\(Interaction\)}{section.3.4}% 36
\BOOKMARK [2][-]{subsection.3.4.4}{擁有共同的興趣\(Common interest\)}{section.3.4}% 37
\BOOKMARK [2][-]{subsection.3.4.5}{與成員有志同道合之感\(Like-minded\)}{section.3.4}% 38
\BOOKMARK [2][-]{subsection.3.4.6}{社群認同\(Commitment\)}{section.3.4}% 39
\BOOKMARK [2][-]{subsection.3.4.7}{歸屬感\(Sense of belonging\)}{section.3.4}% 40
\BOOKMARK [0][-]{section*.11}{References}{}% 41
\BOOKMARK [0][-]{chapter.4}{Appendix A. 媒體採訪g0v共筆摘錄}{}% 42
\BOOKMARK [1][-]{section.4.1}{新新聞【政治事】三二四占領政院要角真的進駐行政院}{chapter.4}% 43
\BOOKMARK [1][-]{section.4.2}{看雜誌}{chapter.4}% 44
\BOOKMARK [1][-]{section.4.3}{30雜誌}{chapter.4}% 45
\BOOKMARK [1][-]{section.4.4}{台大意識報}{chapter.4}% 46
\BOOKMARK [1][-]{section.4.5}{今週刊}{chapter.4}% 47
\BOOKMARK [1][-]{section.4.6}{g0v官方版的媒體報導}{chapter.4}% 48
\BOOKMARK [2][-]{subsection.4.6.1}{2015 第二季}{section.4.6}% 49
\BOOKMARK [2][-]{subsection.4.6.2}{2015 第一季}{section.4.6}% 50
\BOOKMARK [2][-]{subsection.4.6.3}{2014 第四季}{section.4.6}% 51
\BOOKMARK [2][-]{subsection.4.6.4}{2014 第三季}{section.4.6}% 52
\BOOKMARK [2][-]{subsection.4.6.5}{2014 第二季}{section.4.6}% 53
\BOOKMARK [2][-]{subsection.4.6.6}{2014 第一季}{section.4.6}% 54
\BOOKMARK [2][-]{subsection.4.6.7}{2013 第四季}{section.4.6}% 55
\BOOKMARK [2][-]{subsection.4.6.8}{2013 第三季}{section.4.6}% 56
\BOOKMARK [2][-]{subsection.4.6.9}{2013 第一、二季}{section.4.6}% 57
\BOOKMARK [1][-]{section.4.7}{零時政府宣言}{chapter.4}% 58
\BOOKMARK [2][-]{subsection.4.7.1}{我們來自四方}{section.4.7}% 59
\BOOKMARK [2][-]{subsection.4.7.2}{我們支持言論自由、資訊開放}{section.4.7}% 60
\BOOKMARK [2][-]{subsection.4.7.3}{我們自主參與，成果開放}{section.4.7}% 61
\BOOKMARK [2][-]{subsection.4.7.4}{我們很歡樂，也想改變現狀}{section.4.7}% 62
\BOOKMARK [2][-]{subsection.4.7.5}{我們去中心化，實踐流動民主}{section.4.7}% 63
\BOOKMARK [2][-]{subsection.4.7.6}{如果你想看到特定專案加速進行}{section.4.7}% 64
\BOOKMARK [2][-]{subsection.4.7.7}{我們就是你}{section.4.7}% 65
\BOOKMARK [1][-]{section.4.8}{零時政府宣言英文版}{chapter.4}% 66
\BOOKMARK [2][-]{subsection.4.8.1}{From\040across\040Taiwan}{section.4.8}% 67
\BOOKMARK [2][-]{subsection.4.8.2}{Freedom\040of\040Speech\040and\040Information\040Transparency}{section.4.8}% 68
\BOOKMARK [2][-]{subsection.4.8.3}{Independent\040and\040Transparent}{section.4.8}% 69
\BOOKMARK [2][-]{subsection.4.8.4}{Sanguine\040on\040Fostering\040Change}{section.4.8}% 70
\BOOKMARK [2][-]{subsection.4.8.5}{Liquid\040Democracy}{section.4.8}% 71
\BOOKMARK [2][-]{subsection.4.8.6}{If you’re interested, Join us}{section.4.8}% 72
\BOOKMARK [2][-]{subsection.4.8.7}{You’re Next}{section.4.8}% 73
